[22-May-2020 15:16:03] NOTICE: fpm is running, pid 1298
[22-May-2020 15:16:03] NOTICE: ready to handle connections
[22-May-2020 22:01:40] NOTICE: Terminating ...
[22-May-2020 22:01:40] NOTICE: Terminating ...
[22-May-2020 22:01:40] NOTICE: exiting, bye-bye!
[05-Jun-2020 11:33:21] NOTICE: fpm is running, pid 1485
[05-Jun-2020 11:33:21] NOTICE: ready to handle connections
[05-Jun-2020 15:25:19] NOTICE: Terminating ...
[05-Jun-2020 15:25:19] NOTICE: Terminating ...
[05-Jun-2020 15:25:19] NOTICE: exiting, bye-bye!
[06-Jun-2020 15:43:35] NOTICE: fpm is running, pid 7638
[06-Jun-2020 15:43:35] NOTICE: ready to handle connections
[06-Jun-2020 22:07:18] NOTICE: Terminating ...
[06-Jun-2020 22:07:18] NOTICE: Terminating ...
[06-Jun-2020 22:07:18] NOTICE: exiting, bye-bye!
[26-Jul-2020 09:51:15] NOTICE: fpm is running, pid 1526
[26-Jul-2020 09:51:15] NOTICE: ready to handle connections
[26-Jul-2020 10:40:35] NOTICE: Terminating ...
[26-Jul-2020 10:40:35] NOTICE: Terminating ...
[26-Jul-2020 10:40:35] NOTICE: exiting, bye-bye!
